Traceback (most recent call last):
  File "C:\Users\hakan\anaconda3\envs\qe-mini-example\lib\site-packages\jupyter_cache\executors\utils.py", line 51, in single_nb_execution
    executenb(
  File "C:\Users\hakan\anaconda3\envs\qe-mini-example\lib\site-packages\nbclient\client.py", line 1204, in execute
    return NotebookClient(nb=nb, resources=resources, km=km, **kwargs).execute()
  File "C:\Users\hakan\anaconda3\envs\qe-mini-example\lib\site-packages\nbclient\util.py", line 84, in wrapped
    return just_run(coro(*args, **kwargs))
  File "C:\Users\hakan\anaconda3\envs\qe-mini-example\lib\site-packages\nbclient\util.py", line 62, in just_run
    return loop.run_until_complete(coro)
  File "C:\Users\hakan\anaconda3\envs\qe-mini-example\lib\asyncio\base_events.py", line 616, in run_until_complete
    return future.result()
  File "C:\Users\hakan\anaconda3\envs\qe-mini-example\lib\site-packages\nbclient\client.py", line 663, in async_execute
    await self.async_execute_cell(
  File "C:\Users\hakan\anaconda3\envs\qe-mini-example\lib\site-packages\nbclient\client.py", line 965, in async_execute_cell
    await self._check_raise_for_error(cell, cell_index, exec_reply)
  File "C:\Users\hakan\anaconda3\envs\qe-mini-example\lib\site-packages\nbclient\client.py", line 862, in _check_raise_for_error
    raise CellExecutionError.from_cell_and_msg(cell, exec_reply_content)
nbclient.exceptions.CellExecutionError: An error occurred while executing the following cell:
------------------
#k-Means 
from itertools import permutations
import numpy as np
import sklearn
import sklearn.decomposition as dec
import sklearn.cluster as clu
import sklearn.datasets as ds
import sklearn.model_selection as ms
import matplotlib.pyplot as plt
%matplotlib inline

------------------

[1;31m---------------------------------------------------------------------------[0m
[1;31mModuleNotFoundError[0m                       Traceback (most recent call last)
Input [1;32mIn [1][0m, in [0;36m<cell line: 4>[1;34m()[0m
[0;32m      2[0m [38;5;28;01mfrom[39;00m [38;5;21;01mitertools[39;00m [38;5;28;01mimport[39;00m permutations
[0;32m      3[0m [38;5;28;01mimport[39;00m [38;5;21;01mnumpy[39;00m [38;5;28;01mas[39;00m [38;5;21;01mnp[39;00m
[1;32m----> 4[0m [38;5;28;01mimport[39;00m [38;5;21;01msklearn[39;00m
[0;32m      5[0m [38;5;28;01mimport[39;00m [38;5;21;01msklearn[39;00m[38;5;21;01m.[39;00m[38;5;21;01mdecomposition[39;00m [38;5;28;01mas[39;00m [38;5;21;01mdec[39;00m
[0;32m      6[0m [38;5;28;01mimport[39;00m [38;5;21;01msklearn[39;00m[38;5;21;01m.[39;00m[38;5;21;01mcluster[39;00m [38;5;28;01mas[39;00m [38;5;21;01mclu[39;00m

[1;31mModuleNotFoundError[0m: No module named 'sklearn'
ModuleNotFoundError: No module named 'sklearn'

